<?xml version="1.0" encoding="UTF-8"?>
<testng-results ignored="0" total="2" passed="2" failed="0" skipped="0">
  <reporter-output>
  </reporter-output>
  <suite started-at="2024-02-07T13:13:17 EST" name="Default suite" finished-at="2024-02-07T13:13:24 EST" duration-ms="6739">
    <groups>
    </groups>
    <test started-at="2024-02-07T13:13:17 EST" name="Default test" finished-at="2024-02-07T13:13:24 EST" duration-ms="6739">
      <class name="test0131.GetandPostExamples">
        <test-method is-config="true" signature="config()[pri:0, instance:test0131.GetandPostExamples@38425407]" started-at="2024-02-07T13:13:17 EST" name="config" finished-at="2024-02-07T13:13:18 EST" duration-ms="471" status="PASS">
          <reporter-output>
          </reporter-output>
        </test-method> <!-- config -->
        <test-method signature="testGet()[pri:0, instance:test0131.GetandPostExamples@38425407]" started-at="2024-02-07T13:13:18 EST" name="testGet" finished-at="2024-02-07T13:13:23 EST" duration-ms="5157" status="PASS">
          <reporter-output>
          </reporter-output>
        </test-method> <!-- testGet -->
        <test-method signature="testPost()[pri:0, instance:test0131.GetandPostExamples@38425407]" started-at="2024-02-07T13:13:23 EST" name="testPost" finished-at="2024-02-07T13:13:24 EST" duration-ms="396" status="PASS">
          <reporter-output>
          </reporter-output>
        </test-method> <!-- testPost -->
        <test-method is-config="true" signature="tearDown()[pri:0, instance:test0131.GetandPostExamples@38425407]" started-at="2024-02-07T13:13:24 EST" name="tearDown" finished-at="2024-02-07T13:13:24 EST" duration-ms="609" status="PASS">
          <reporter-output>
          </reporter-output>
        </test-method> <!-- tearDown -->
      </class> <!-- test0131.GetandPostExamples -->
    </test> <!-- Default test -->
  </suite> <!-- Default suite -->
</testng-results>
